<?xml version="1.0" encoding="UTF-8"?>
<testng-results skipped="0" failed="0" ignored="0" total="1" passed="1">
  <reporter-output>
  </reporter-output>
  <suite name="Default suite" duration-ms="10210" started-at="2018-11-18T19:42:04Z" finished-at="2018-11-18T19:42:14Z">
    <groups>
    </groups>
    <test name="Default test" duration-ms="10210" started-at="2018-11-18T19:42:04Z" finished-at="2018-11-18T19:42:14Z">
      <class name="bank.test.ViewAccountSummary">
        <test-method status="PASS" signature="viewSummary()[pri:0, instance:bank.test.ViewAccountSummary@3532ec19]" name="viewSummary" duration-ms="10139" started-at="2018-11-18T19:42:04Z" finished-at="2018-11-18T19:42:14Z">
          <reporter-output>
          </reporter-output>
        </test-method> <!-- viewSummary -->
      </class> <!-- bank.test.ViewAccountSummary -->
    </test> <!-- Default test -->
  </suite> <!-- Default suite -->
</testng-results>
